<?xml version="1.0" encoding="UTF-8"?>
<!-- Generated by org.testng.reporters.JUnitReportReporter -->
<testsuite hostname="LWO1-LDL-A11652" failures="0" tests="2" name="Testing" time="0.017" errors="0" timestamp="2023-03-21T15:04:24 EET" skipped="0">
  <testcase classname="Testing" name="testUser" time="0.012"/>
  <system-out/>
  <testcase classname="Testing" name="testConfiguration" time="0.005"/>
  <system-out/>
</testsuite> <!-- Testing -->
